=== ❌ ERROR: 2026-03-02 23:11:35 ===
--- 📜 STDOUT (console.logなどの詳細トレース) ---
No files changed, compilation skipped
Traces:
  [2111153] → new Reposition@0x5b73C5498c1E3b4dbA84de0F1833c4a029d90519
    └─ ← [Return] 10434 bytes of code

  [1169296] Reposition::run()
    ├─ [0] VM::startBroadcast()
    │   └─ ← [Return]
    ├─ [0] VM::envInt("DYNAMIC_OLD_LOWER") [staticcall]
    │   └─ ← [Return] <env var value>
    ├─ [0] VM::envInt("DYNAMIC_OLD_UPPER") [staticcall]
    │   └─ ← [Return] <env var value>
    ├─ [0] VM::envInt("DYNAMIC_NEW_LOWER") [staticcall]
    │   └─ ← [Return] <env var value>
    ├─ [0] VM::envInt("DYNAMIC_NEW_UPPER") [staticcall]
    │   └─ ← [Return] <env var value>
    ├─ [0] VM::envInt("EXACT_LIQUIDITY") [staticcall]
    │   └─ ← [Return] <env var value>
    ├─ [0] VM::envInt("SWAP_AMOUNT") [staticcall]
    │   └─ ← [Return] <env var value>
    ├─ [0] VM::envUint("SWAP_ZERO_FOR_ONE") [staticcall]
    │   └─ ← [Return] <env var value>
    ├─ [0] console::log("--- Reposition Parameters ---") [staticcall]
    │   └─ ← [Stop]
    ├─ [0] console::log("Old Range:", -200580 [-2.005e5]) [staticcall]
    │   └─ ← [Stop]
    ├─ [0] console::log("to", -200040 [-2e5]) [staticcall]
    │   └─ ← [Stop]
    ├─ [0] console::log("New Range:", -887580 [-8.875e5]) [staticcall]
    │   └─ ← [Stop]
    ├─ [0] console::log("to", -886980 [-8.869e5]) [staticcall]
    │   └─ ← [Stop]
    ├─ [0] console::log("Liquidity to Withdraw:", 3735731104236 [3.735e12]) [staticcall]
    │   └─ ← [Stop]
    ├─ [0] console::log("Withdrawing liquidity...") [staticcall]
    │   └─ ← [Stop]
    ├─ [114660] 0x264C16Cd53412181c83B518e72d01a57ebfcF2bD::modifyLiquidity(PoolKey({ currency0: 0x82aF49447D8a07e3bd95BD0d56f35241523fBab1, currency1: 0xaf88d065e77c8cC2239327C5EDb3A432268e5831, fee: 8388608 [8.388e6], tickSpacing: 60, hooks: 0x3D09F7f25cfe9b71Eb8C2787AcB56dEe09728080 }), ModifyLiquidityParams({ tickLower: -200580 [-2.005e5], tickUpper: -200040 [-2e5], liquidityDelta: -3735731104236 [-3.735e12], salt: 0x0000000000000000000000000000000000000000000000000000000000000000 }), 0x)
    │   ├─ [108769] 0xe54aCE66bD482c5781c9F69f89273586975FFcAC::unlock(0x000000000000000000000000000000000000000000000000000000000000002000000000000000000000000033fb2f63fab29e9711bfc92adaf5b075edd4071100000000000000000000000082af49447d8a07e3bd95bd0d56f35241523fbab1000000000000000000000000af88d065e77c8cc2239327c5edb3a432268e58310000000000000000000000000000000000000000000000000000000000800000000000000000000000000000000000000000000000000000000000000000003c0000000000000000000000003d09f7f25cfe9b71eb8c2787acb56dee09728080fffffffffffffffffffffffffffffffffffffffffffffffffffffffffffcf07cfffffffffffffffffffffffffffffffffffffffffffffffffffffffffffcf298fffffffffffffffffffffffffffffffffffffffffffffffffffffc9a35131614000000000000000000000000000000000000000000000000000000000000000000000000000000000000000000000000000000000000000000000000000001a0000000000000000000000000000000000000000000000000000000000000000000000000000000000000000000000000000000000000000000000000000000000000000000000000000000000000000000000000000000000000000000000000)
    │   │   ├─ [106420] 0x264C16Cd53412181c83B518e72d01a57ebfcF2bD::unlockCallback(0x000000000000000000000000000000000000000000000000000000000000002000000000000000000000000033fb2f63fab29e9711bfc92adaf5b075edd4071100000000000000000000000082af49447d8a07e3bd95bd0d56f35241523fbab1000000000000000000000000af88d065e77c8cc2239327c5edb3a432268e58310000000000000000000000000000000000000000000000000000000000800000000000000000000000000000000000000000000000000000000000000000003c0000000000000000000000003d09f7f25cfe9b71eb8c2787acb56dee09728080fffffffffffffffffffffffffffffffffffffffffffffffffffffffffffcf07cfffffffffffffffffffffffffffffffffffffffffffffffffffffffffffcf298fffffffffffffffffffffffffffffffffffffffffffffffffffffc9a35131614000000000000000000000000000000000000000000000000000000000000000000000000000000000000000000000000000000000000000000000000000001a0000000000000000000000000000000000000000000000000000000000000000000000000000000000000000000000000000000000000000000000000000000000000000000000000000000000000000000000000000000000000000000000000)
    │   │   │   ├─ [6884] 0xe54aCE66bD482c5781c9F69f89273586975FFcAC::extsload(0xc0b23506e1b249cbede41f201b6f106d75be335b985fccc1a50b0097493f5a6a, 3) [staticcall]
    │   │   │   │   └─ ← [Return] [0x00000000000000000000000000000000000000000000000000000365caece9ec, 0x0000000000000000000000000000000000000000000000000000000000000000, 0x0000000000000000000000000000000000000000000000000000000000000000]
    │   │   │   ├─ [43599] 0xe54aCE66bD482c5781c9F69f89273586975FFcAC::modifyLiquidity(PoolKey({ currency0: 0x82aF49447D8a07e3bd95BD0d56f35241523fBab1, currency1: 0xaf88d065e77c8cC2239327C5EDb3A432268e5831, fee: 8388608 [8.388e6], tickSpacing: 60, hooks: 0x3D09F7f25cfe9b71Eb8C2787AcB56dEe09728080 }), ModifyLiquidityParams({ tickLower: -200580 [-2.005e5], tickUpper: -200040 [-2e5], liquidityDelta: -3735731104236 [-3.735e12], salt: 0x0000000000000000000000000000000000000000000000000000000000000000 }), 0x)
    │   │   │   │   ├─ emit ModifyLiquidity(id: 0x0dfb44b84cf21899a1045673864448cda15f795348fe8bf18f434049806f7ea9, sender: 0x264C16Cd53412181c83B518e72d01a57ebfcF2bD, tickLower: -200580 [-2.005e5], tickUpper: -200040 [-2e5], liquidityDelta: -3735731104236 [-3.735e12], salt: 0x0000000000000000000000000000000000000000000000000000000000000000)
    │   │   │   │   └─ ← [Return] 767413099548442912371077702907732360962938759540637696 [7.674e53], 0
    │   │   │   ├─ [884] 0xe54aCE66bD482c5781c9F69f89273586975FFcAC::extsload(0xc0b23506e1b249cbede41f201b6f106d75be335b985fccc1a50b0097493f5a6a, 3) [staticcall]
    │   │   │   │   └─ ← [Return] [0x0000000000000000000000000000000000000000000000000000000000000000, 0x0000000000000000000000000000000000000000000000000000000000000000, 0x0000000000000000000000000000000000000000000000000000000000000000]
    │   │   │   ├─ [9796] TransparentUpgradeableProxy::fallback(0x33fb2F63fAB29E9711BFc92aDAf5B075EdD40711) [staticcall]
    │   │   │   │   ├─ [2553] 0x8b194bEae1d3e0788A1a35173978001ACDFba668::balanceOf(0x33fb2F63fAB29E9711BFc92aDAf5B075EdD40711) [delegatecall]
    │   │   │   │   │   └─ ← [Return] 1358471018778765792 [1.358e18]
    │   │   │   │   └─ ← [Return] 1358471018778765792 [1.358e18]
    │   │   │   ├─ [3296] TransparentUpgradeableProxy::fallback(0xe54aCE66bD482c5781c9F69f89273586975FFcAC) [staticcall]
    │   │   │   │   ├─ [2553] 0x8b194bEae1d3e0788A1a35173978001ACDFba668::balanceOf(0xe54aCE66bD482c5781c9F69f89273586975FFcAC) [delegatecall]
    │   │   │   │   │   └─ ← [Return] 2255224408165562 [2.255e15]
    │   │   │   │   └─ ← [Return] 2255224408165562 [2.255e15]
    │   │   │   ├─ [369] 0xe54aCE66bD482c5781c9F69f89273586975FFcAC::exttload(0xb3e6dcfb232113e4d07a6b790e9f67fbe5a360fba79375cb0238cafe47a3f61d) [staticcall]
    │   │   │   │   └─ ← [Return] 0x0000000000000000000000000000000000000000000000000008031d59bccca5
    │   │   │   ├─ [9750] FiatTokenProxy::fallback(0x33fb2F63fAB29E9711BFc92aDAf5B075EdD40711) [staticcall]
    │   │   │   │   ├─ [2553] 0x86E721b43d4ECFa71119Dd38c0f938A75Fdb57B3::balanceOf(0x33fb2F63fAB29E9711BFc92aDAf5B075EdD40711) [delegatecall]
    │   │   │   │   │   └─ ← [Return] 1554329888 [1.554e9]
    │   │   │   │   └─ ← [Return] 1554329888 [1.554e9]
    │   │   │   ├─ [3250] FiatTokenProxy::fallback(0xe54aCE66bD482c5781c9F69f89273586975FFcAC) [staticcall]
    │   │   │   │   ├─ [2553] 0x86E721b43d4ECFa71119Dd38c0f938A75Fdb57B3::balanceOf(0xe54aCE66bD482c5781c9F69f89273586975FFcAC) [delegatecall]
    │   │   │   │   │   └─ ← [Return] 17
    │   │   │   │   └─ ← [Return] 17
    │   │   │   ├─ [369] 0xe54aCE66bD482c5781c9F69f89273586975FFcAC::exttload(0x1d32acc2c5c97b816338be045e3d766d41afb91e66d8e6a3d4ec16cda52a5b3e) [staticcall]
    │   │   │   │   └─ ← [Return] 0x0000000000000000000000000000000000000000000000000000000000000000
    │   │   │   ├─ [11878] 0xe54aCE66bD482c5781c9F69f89273586975FFcAC::take(TransparentUpgradeableProxy: [0x82aF49447D8a07e3bd95BD0d56f35241523fBab1], 0x33fb2F63fAB29E9711BFc92aDAf5B075EdD40711, 2255224408165541 [2.255e15])
    │   │   │   │   ├─ [9800] TransparentUpgradeableProxy::fallback(0x33fb2F63fAB29E9711BFc92aDAf5B075EdD40711, 2255224408165541 [2.255e15])
    │   │   │   │   │   ├─ [9054] 0x8b194bEae1d3e0788A1a35173978001ACDFba668::transfer(0x33fb2F63fAB29E9711BFc92aDAf5B075EdD40711, 2255224408165541 [2.255e15]) [delegatecall]
    │   │   │   │   │   │   ├─ emit Transfer(from: 0xe54aCE66bD482c5781c9F69f89273586975FFcAC, to: 0x33fb2F63fAB29E9711BFc92aDAf5B075EdD40711, value: 2255224408165541 [2.255e15])
    │   │   │   │   │   │   └─ ← [Return] true
    │   │   │   │   │   └─ ← [Return] true
    │   │   │   │   └─ ← [Stop]
    │   │   │   └─ ← [Return] 0x00000000000000000008031d59bccca500000000000000000000000000000000
    │   │   └─ ← [Return] 0x00000000000000000008031d59bccca500000000000000000000000000000000
    │   └─ ← [Return] 0x00000000000000000008031d59bccca500000000000000000000000000000000
    ├─ [0] console::log("Withdrawal Successful!") [staticcall]
    │   └─ ← [Stop]
    ├─ [1000110] → new PoolSwapTest@0xdE3F82864C456C755e632399e9f1BD4bDAc2D57D
    │   └─ ← [Return] 4994 bytes of code
    ├─ [1296] TransparentUpgradeableProxy::fallback(0x33fb2F63fAB29E9711BFc92aDAf5B075EdD40711) [staticcall]
    │   ├─ [553] 0x8b194bEae1d3e0788A1a35173978001ACDFba668::balanceOf(0x33fb2F63fAB29E9711BFc92aDAf5B075EdD40711) [delegatecall]
    │   │   └─ ← [Return] 1360726243186931333 [1.36e18]
    │   └─ ← [Return] 1360726243186931333 [1.36e18]
    ├─ [1250] FiatTokenProxy::fallback(0x33fb2F63fAB29E9711BFc92aDAf5B075EdD40711) [staticcall]
    │   ├─ [553] 0x86E721b43d4ECFa71119Dd38c0f938A75Fdb57B3::balanceOf(0x33fb2F63fAB29E9711BFc92aDAf5B075EdD40711) [delegatecall]
    │   │   └─ ← [Return] 1554329888 [1.554e9]
    │   └─ ← [Return] 1554329888 [1.554e9]
    ├─ [0] VM::envUint("SQRT_PRICE") [staticcall]
    │   └─ ← [Return] <env var value>
    └─ ← [Revert] InvalidTick(-887580 [-8.875e5])



== Logs ==
  --- Reposition Parameters ---
  Old Range: -200580
  to -200040
  New Range: -887580
  to -886980
  Liquidity to Withdraw: 3735731104236
  Withdrawing liquidity...
  Withdrawal Successful!
Error: script failed: InvalidTick(-887580 [-8.875e5])


